This is pdfTeX, Version 3.14159265-2.6-1.40.18 (MiKTeX 2.9.6350 64-bit) (preloaded format=pdflatex 2017.9.8)  11 SEP 2017 22:27
entering extended mode
**./HideAndSeek.tex
(HideAndSeek.tex
LaTeX2e <2017-04-15>
Babel <3.10> and hyphenation patterns for 75 language(s) loaded.
("C:\Program Files\Miktex\tex\latex\base\report.cls"
Document Class: report 2014/09/29 v1.4h Standard LaTeX document class
("C:\Program Files\Miktex\tex\latex\base\size10.clo"
File: size10.clo 2014/09/29 v1.4h Standard LaTeX file (size option)
)
\c@part=\count79
\c@chapter=\count80
\c@section=\count81
\c@subsection=\count82
\c@subsubsection=\count83
\c@paragraph=\count84
\c@subparagraph=\count85
\c@figure=\count86
\c@table=\count87
\abovecaptionskip=\skip41
\belowcaptionskip=\skip42
\bibindent=\dimen102
) (HideAndSeek.aux)
\openout1 = `HideAndSeek.aux'.

LaTeX Font Info:    Checking defaults for OML/cmm/m/it on input line 9.
LaTeX Font Info:    ... okay on input line 9.
LaTeX Font Info:    Checking defaults for T1/cmr/m/n on input line 9.
LaTeX Font Info:    ... okay on input line 9.
LaTeX Font Info:    Checking defaults for OT1/cmr/m/n on input line 9.
LaTeX Font Info:    ... okay on input line 9.
LaTeX Font Info:    Checking defaults for OMS/cmsy/m/n on input line 9.
LaTeX Font Info:    ... okay on input line 9.
LaTeX Font Info:    Checking defaults for OMX/cmex/m/n on input line 9.
LaTeX Font Info:    ... okay on input line 9.
LaTeX Font Info:    Checking defaults for U/cmr/m/n on input line 9.
LaTeX Font Info:    ... okay on input line 9.
LaTeX Font Info:    External font `cmex10' loaded for size
(Font)              <12> on input line 10.
LaTeX Font Info:    External font `cmex10' loaded for size
(Font)              <8> on input line 10.
LaTeX Font Info:    External font `cmex10' loaded for size
(Font)              <6> on input line 10.

[1

{C:/ProgramData/MiKTeX/2.9/pdftex/config/pdftex.map}] (HideAndSeek.toc
LaTeX Font Info:    External font `cmex10' loaded for size
(Font)              <7> on input line 2.
LaTeX Font Info:    External font `cmex10' loaded for size
(Font)              <5> on input line 2.
)
\tf@toc=\write3
\openout3 = `HideAndSeek.toc'.


[1

]
Chapter 1.
[2

] [3] [4] (HideAndSeek.aux) ) 
Here is how much of TeX's memory you used:
 260 strings out of 493323
 2764 string characters out of 3140791
 57648 words of memory out of 3000000
 3871 multiletter control sequences out of 15000+200000
 9107 words of font info for 32 fonts, out of 3000000 for 9000
 1141 hyphenation exceptions out of 8191
 23i,6n,18p,628b,191s stack positions out of 5000i,500n,10000p,200000b,50000s
<C:/Program Files/Miktex/fonts/type1/public/amsfon
ts/cm/cmbx10.pfb><C:/Program Files/Miktex/fonts/type1/public/amsfonts/cm/cmbx12
.pfb><C:/Program Files/Miktex/fonts/type1/public/amsfonts/cm/cmr10.pfb><C:/Prog
ram Files/Miktex/fonts/type1/public/amsfonts/cm/cmr12.pfb><C:/Program Files/Mik
tex/fonts/type1/public/amsfonts/cm/cmr17.pfb>
Output written on HideAndSeek.pdf (5 pages, 84428 bytes).
PDF statistics:
 38 PDF objects out of 1000 (max. 8388607)
 0 named destinations out of 1000 (max. 500000)
 1 words of extra memory for PDF output out of 10000 (max. 10000000)

